1615465753059	geckodriver	INFO	Listening on 127.0.0.1:53705
1615465756198	mozrunner::runner	INFO	Running command: "C:\\Program Files\\Mozilla Firefox\\firefox.exe" "--marionette" "-foreground" "-no-remote" "-profile" "C:\\Users\\E8E5~1\\AppData\\Local\\Temp\\rust_mozprofilerepha1"
console.warn: SearchSettings: "get: No settings file exists, new profile?" (new Error("", "(unknown module)"))
1615465761420	Marionette	INFO	Listening on port 53716
1615465761480	Marionette	WARN	TLS certificate errors will be ignored for this session
1615465848055	Marionette	INFO	Stopped listening on port 53716

###!!! [Child][RunMessage] Error: Channel closing: too late to send/recv, messages will be lost

1615465909905	geckodriver	INFO	Listening on 127.0.0.1:53920
1615465913074	mozrunner::runner	INFO	Running command: "C:\\Program Files\\Mozilla Firefox\\firefox.exe" "--marionette" "-foreground" "-no-remote" "-profile" "C:\\Users\\E8E5~1\\AppData\\Local\\Temp\\rust_mozprofileC7NuLm"
console.warn: SearchSettings: "get: No settings file exists, new profile?" (new Error("", "(unknown module)"))
1615465917834	Marionette	INFO	Listening on port 53929
1615465918406	Marionette	WARN	TLS certificate errors will be ignored for this session
1615465929742	Marionette	WARN	TimedPromise timed out after 500 ms: stacktrace:
TimedPromise/<@chrome://marionette/content/sync.js:231:19
TimedPromise@chrome://marionette/content/sync.js:216:10
interaction.flushEventLoop@chrome://marionette/content/interaction.js:433:10
webdriverClickElement@chrome://marionette/content/interaction.js:179:31
1615466039112	Marionette	INFO	Stopped listening on port 53929

###!!! [Child][RunMessage] Error: Channel closing: too late to send/recv, messages will be lost

"--marionette" "-foreground" "-no-remote" "-profile" "C:\\Users\\E8E5~1\\AppData\\Local\\Temp\\rust_mozprofileRDnnp6"
console.warn: SearchSettings: "get: No settings file exists, new profile?" (new Error("", "(unknown module)"))
1615466038632	Marionette	INFO	Listening on port 54119
1615466039010	Marionette	WARN	TLS certificate errors will be ignored for this session
1615466047584	Marionette	WARN	TimedPromise timed out after 500 ms: stacktrace:
TimedPromise/<@chrome://marionette/content/sync.js:231:19
TimedPromise@chrome://marionette/content/sync.js:216:10
interaction.flushEventLoop@chrome://marionette/content/interaction.js:433:10
webdriverClickElement@chrome://marionette/content/interaction.js:179:31
1615466067269	Marionette	INFO	Stopped listening on port 54111615466068996	mozrunner::runner	INFO	Running command: "C:\\Program Files\\Mozilla Firefox\\firefox.exe" "--marionette" "-foreground" "-no-remote" "-profile" "C:\\Users\\E8E5~1\\AppData\\Local\\Temp\\rust_mozprofileuqbTHv"
console.warn: SearchSettings: "get: No settings file exists, new profile?" (new Error("", "(unknown module)"))
1615466073848	Marionette	INFO	Listening on port 54249
1615466074294	Marionette	WARN	TLS certificate errors will be ignored for this session
1615466086096	Marionette	WARN	TimedPromise timed out after 500 ms: stacktrace:
TimedPromise/<@chrome://marionette/content/sync.js:231:19
TimedPromise@chrome://marionette/content/sync.js:216:10
interaction.flushEventLoop@chrome://marionette/content/interaction.js:433:10
webdriverClickElement@chrome://marionette/content/interaction.js:179:31
console.error: (new TypeError("parent is null", "resource://1615466142709	mozrunner::runner	INFO	Running command: "C:\\Program Files\\Mozilla Firefox\\firefox.exe" "--marionette" "-foreground" "-no-remote" "-profile" "C:\\Users\\E8E5~1\\AppData\\Local\\Temp\\rust_mozprofilejCams1"
console.warn: SearchSettings: "get: No settings file exists, new profile?" (new Error("", "(unknown module)"))
1615466147168	Marionette	INFO	Listening on port 54423
1615466147466	Marionette	WARN	TLS certificate errors will be ignored for this session
1615466155567	Marionette	WARN	TimedPromise timed out after 500 ms: stacktrace:
TimedPromise/<@chrome://marionette/content/sync.js:231:19
TimedPromise@chrome://marionette/content/sync.js:216:10
interaction.flushEventLoop@chrome://marionette/content/interaction.js:433:10
webdriverClickElement@chrome://marionette/content/interaction.js:179:31
1615466632765	Marionette	INFO	Stopped listening on port 54423

###!!! [Child][RunMessage] Error: Channel closing: too late to send/recv, messages will be lost

rce://devtools/client/inspector/markup/markup.js", 2305))
console.error: (new Error("Protocol error (TypeError): node is null from: server0.conn0.child3/pagestyle33 (resource://devtools/server/actors/page-style.js:1002:5)", "resource://devtools/shared/protocol/Front.js", 361))
1615466149115	Marionette	INFO	Stopped listening on port 54249

###!!! [Child][RunMessage] Error: Channel closing: too late to send/recv, messages will be lost

1615466631542	geckodriver	INFO	Listening on 127.0.0.1:54932
1615466634695	mozrunner::runner	INFO	Running command: "C:\\Program Files\\Mozilla Firefox\\firefox.exe" "--marionette" "-foreground" "-no-remote" "-profile" "C:\\Users\\E8E5~1\\AppData\\Local\\Temp\\rust_mozprofile49uoi9"
console.warn: SearchSettings: "get: No settings file exists, new profile?" (new Error("", "(unknown module)"))
1615466639580	Marionette	INFO	Listening on port 54941
1615466639998	Marionette	WARN	TLS certificate errors will be ignored for this session
console.log: WebExtensions: reset-default-search: No addons in our list are installed.
1615468967239	Marionette	INFO	Stopped listening on port 54941

###!!! [Child][RunMessage] Error: Channel closing: too late to send/recv, messages will be lost

1615537705095	geckodriver	INFO	Listening on 127.0.0.1:51198
1615537708176	mozrunner::runner	INFO	Running command: "C:\\Program Files\\Mozilla Firefox\\firefox.exe" "--marionette" "-foreground" "-no-remote" "-profile" "C:\\Users\\E8E5~1\\AppData\\Local\\Temp\\rust_mozprofilenO2EnZ"
console.warn: SearchSettings: "get: No settings file exists, new profile?" (new Error("", "(unknown module)"))
1615537711170	Marionette	INFO	Listening on port 51206
1615537711303	Marionette	WARN	TLS certificate errors will be ignored for this session
console.error: Region.jsm: "Error fetching region" (new Error("TIMEOUT", "resource://gre/modules/Region.jsm", 775))
console.error: Region.jsm: "Failed to fetch region" (new Error("TIMEOUT", "resource://gre/modules/Region.jsm", 422))

###!!! [Child][RunMessage] Error: Channel closing: too late to send/recv, messages will be lost

1615537832651	Marionette	INFO	Stopped listening on port 51206

###!!! [Child][RunMessage] Error: Channel closing: too late to send/recv, messages will be lost

ozprofileEsOTBt"
[10324, IPC I/O Child] WARNING: failed to create pipe: 2: file /builds/worker/checkouts/gecko/ipc/chromium/src/chrome/common/ipc_channel_win.cc:238
[10324, IPC I/O Child] WARNING: Unable to create pipe named "20328.0.304724665\1360879940" in client mode.: file /builds/worker/checkouts/gecko/ipc/chromium/src/chrome/common/ipc_channel_win.cc:71

###!!! [Child][MessageChannel] Error: (msgtype=0xFFF7,name=<unknown IPC msg name>) Channel error: cannot send/recv

1615537827945	geckodriver	INFO	Listening on 127.0.0.1:51465
1615537830990	mozrunner::runner	INFO	Running command: "C:\\Program Files\\Mozilla Firefox\\firefox.exe" "--marionette" "-foreground" "-no-remote" "-profile" "C:\\Users\\E8E5~1\\AppData\\Local\\Temp\\rust_mozprofileR8DArk"
console.warn: SearchSettings: "get: No settings file exists, new profile?" (new Error("", "(unknown module)"))
1615537833883	Marionette	INFO	Listening on port 51473
1615537834114	Marionette	WARN	TLS certificate errors will be ignored for this session
console.error: Region.jsm: "Error fetching region" (new Error("TIMEOUT", "resource://gre/modules/Region.jsm", 775))
console.error: Region.jsm: "Failed to fetch region" (new Error("TIMEOUT", "resource://gre/modules/Region.jsm", 422))
JavaScript error: resource://activity-stream/lib/ASRouter.jsm, line 988: NS_ERROR_ILLEGAL_VALUE: Component returned failure code: 0x80070057 (NS_ERROR_ILLEGAL_VALUE) [nsIObserverService.removeObserver]
console.error: services.settings: 
  main/whats-new-panel Signature failed  TypeError: NetworkError when attempting to fetch resource.
1615537860578	Marionette	INFO	Stopped listening on port 51473

###!!! [Child][RunMessage] Error: Channel closing: too late to send/recv, messages will be lost

1615537867880	geckodriver	INFO	Listening on 127.0.0.1:51520
1615537870945	mozrunner::runner	INFO	Running command: "C:\\Program Files\\Mozilla Firefox\\firefox.exe" "--marionette" "-foreground" "-no-remote" "-profile" "C:\\Users\\E8E5~1\\AppData\\Local\\Temp\\rust_mozprofiledqIbic"
console.warn: SearchSettings: "get: No settings file exists, new profile?" (new Error("", "(unknown module)"))
1615537873136	Marionette	INFO	Listening on port 51528
1615537873569	Marionette	WARN	TLS certificate errors will be ignored for this session
console.error: Region.jsm: "Error fetching region" (new Error("TIMEOUT", "resource://gre/modules/Region.jsm", 775))
console.error: Region.jsm: "Failed to fetch region" (new Error("TIMEOUT", "resource://gre/modules/Region.jsm", 422))
1615537938223	Marionette	INFO	Stopped listening on port 51521615537938733	mozrunner::runner	INFO	Running command: "C:\\Program Files\\Mozilla Firefox\\firefox.exe" "--marionette" "-foreground" "-no-remote" "-profile" "C:\\Users\\E8E5~1\\AppData\\Local\\Temp\\rust_mozprofileJnFdEy"
console.warn: SearchSettings: "get: No settings file exists, new profile?" (new Error("", "(unknown module)"))
1615537941048	Marionette	INFO	Listening on port 51808
1615537941357	Marionette	WARN	TLS certificate errors will be ignored for this session
console.error: Region.jsm: "Error fetching region" (new Error("TIMEOUT", "resource://gre/modules/Region.jsm", 775))
console.error: Region.jsm: "Failed to fetch region" (new Error("TIMEOUT", "resource://gre/modules/Region.jsm", 422))
1615538307262	Marionette	INFO	Stopped listening on port 51808

###!!! [Child][RunMessage] Error: Channel closing: too late to send/recv, messages will be lost

"--marionette" "-foreground" "-no-remote" "-profile" "C:\\Users\\E8E5~1\\AppData\\Local\\Temp\\rust_mozprofileRDa6CJ"
console.warn: SearchSettings: "get: No settings file exists, new profile?" (new Error("", "(unknown module)"))
1615538033341	Marionette	INFO	Listening on port 52055
1615538033779	Marionette	WARN	TLS certificate errors will be ignored for this session
1615538248678	Marionette	INFO	Stopped listening on port 52055

###!!! [Child][RunMessage] Error: Channel closing: too late to send/recv, messages will be lost

"--marionette" "-foreground" "-no-remote" "-profile" "C:\\Users\\E8E5~1\\AppData\\Local\\Temp\\rust_mozprofileRafPmF"
console.warn: SearchSettings: "get: No settings file exists, new profile?" (new Error("", "(unknown module)"))
1615538147835	Marionette	INFO	Listening on port 52317
1615538148319	Marionette	WARN	TLS certificate errors will be ignored for this session
console.error: Region.jsm: "Error fetching region" (new Error("TIMEOUT", "resource://gre/modules/Region.jsm", 775))
console.error: Region.jsm: "Failed to fetch region" (new Error("TIMEOUT", "resource://gre/modules/Region.jsm", 422))
console.error: "Exception while calling a ResourceWatcher" "available" "callback" ":" (new TypeError("resource.targetFront is null", "resource://devtools/client/inspector/inspector.js", 1315))
JavaScript error: resource://devtools/client/inspector/shared/highlighters-overlay.js, line 1751: TypeError: resource.targetFront is null
JavaScript error: resource://devtools/client/inspector/markup/markup.js, line 1450: TypeError: resource.targetFront is null

###!!! [Child][RunMessage] Error: Channel closing: too late to send/recv, messages will be lost

1615538259561	Marionette	INFO	Stopped listening on port 52317

###!!! [Child][RunMessage] Error: Channel closing: too late to send/recv, messages will be lost

1615538300125	geckodriver	INFO	Listening on 127.0.0.1:52810
1615538303173	mozrunner::runner	INFO	Running command: "C:\\Program Files\\Mozilla Firefox\\firefox.exe" "--marionette" "-foreground" "-no-remote" "-profile" "C:\\Users\\E8E5~1\\AppData\\Local\\Temp\\rust_mozprofile1lef4h"
console.warn: SearchSettings: "get: No settings file exists, new profile?" (new Error("", "(unknown module)"))
1615538305765	Marionette	INFO	Listening on port 52820
1615538305810	Marionette	WARN	TLS certificate errors will be ignored for this session
1615538358355	Marionette	WARN	TimedPromise timed out after 500 ms: stacktrace:
TimedPromise/<@chrome://marionette/content/sync.js:231:19
TimedPromise@chrome://marionette/content/sync.js:216:10
interaction.flushEventLoop@chrome://marionette/content/interaction.js:433:10
webdriverClickElement@chrome://marionette/content/interaction.js:179:31
1615538419844	Marionette	INFO	Stopped listening on port 5282161
###!!! [Child][RunMessage] Error: Channel closing: too late to send/recv, messages will be lost

"--marionette" "-foreground" "-no-remote" "-profile" "C:\\Users\\E8E5~1\\AppData\\Local\\Temp\\rust_mozprofile5g65WK"
console.warn: SearchSettings: "get: No settings file exists, new profile?" (new Error("", "(unknown module)"))
1615538422242	Marionette	INFO	Listening on port 53088
1615538422497	Marionette	WARN	TLS certificate errors will be ignored for this session
JavaScript error: resource://gre/actors/AutoCompleteChild.jsm, line 125: Error: Invalid autocomplete selectedIndex
JavaScript error: resource://gre/actors/AutoCompleteChild.jsm, line 125: Error: Invalid autocomplete selectedIndex
JavaScript error: resource://gre/actors/AutoCompleteChild.jsm, line 125: Error: Invalid autocomplete selectedIndex
1615538546468	Marionette	INFO	Stopped listening on port 53088

###!!! [Child][RunMessage] Error: Channel closing: too late to send/recv, messages will be lost

"--marionette" "-foreground" "-no-remote" "-profile" "C:\\Users\\E8E5~1\\AppData\\Local\\Temp\\rust_mozprofileKLOXmD"
console.warn: SearchSettings: "get: No settings file exists, new profile?" (new Error("", "(unknown module)"))
1615538546572	Marionette	INFO	Listening on port 53385
1615538546738	Marionette	WARN	TLS certificate errors will be ignored for this session
1615538578630	Marionette	WARN	TimedPromise timed out after 500 ms: stacktrace:
TimedPromise/<@chrome://marionette/content/sync.js:231:19
TimedPromise@chrome://marionette/content/sync.js:216:10
interaction.flushEventLoop@chrome://marionette/content/interaction.js:433:10
webdriverClickElement@chrome://marionette/content/interaction.js:179:31
1615538816997	Marionette	INFO	Stopped listening on port 53385

###!!! [Child][RunMessage] Error: Channel closing: too late to send/recv, messages will be lost

"--marionette" "-foreground" "-no-remote" "-profile" "C:\\Users\\E8E5~1\\AppData\\Local\\Temp\\rust_mozprofileHlc4UI"
console.warn: SearchSettings: "get: No settings file exists, new profile?" (new Error("", "(unknown module)"))
1615538814276	Marionette	INFO	Listening on port 53735
1615538814462	Marionette	WARN	TLS certificate errors will be ignored for this session
1615538900373	Marionette	INFO	Stopped listening on port 53735

###!!! [Child][RunMessage] Error: Channel closing: too late to send/recv, messages will be lost

"--marionette" "-foreground" "-no-remote" "-profile" "C:\\Users\\E8E5~1\\AppData\\Local\\Temp\\rust_mozprofilebt7J8H"
console.warn: SearchSettings: "get: No settings file exists, new profile?" (new Error("", "(unknown module)"))
1615538890495	Marionette	INFO	Listening on port 53976
1615538890829	Marionette	WARN	TLS certificate errors will be ignored for this session
console.log: WebExtensions: reset-default-search: No addons in our list are installed.
1615539449150	Marionette	INFO	Stopped listening on port 53976

###!!! [Child][RunMessage] Error: Channel closing: too late to send/recv, messages will be lost

"--marionette" "-foreground" "-no-remote" "-profile" "C:\\Users\\E8E5~1\\AppData\\Local\\Temp\\rust_mozprofilewonzUn"
console.warn: SearchSettings: "get: No settings file exists, new profile?" (new Error("", "(unknown module)"))
1615539417099	Marionette	INFO	Listening on port 54302
1615539417200	Marionette	WARN	TLS certificate errors will be ignored for this session
JavaScript error: resource://gre/actors/AutoCompleteChild.jsm, line 125: Error: Invalid autocomplete selectedIndex
JavaScript error: resource://gre/actors/AutoCompleteChild.jsm, line 125: Error: Invalid autocomplete selectedIndex
1615539501274	Marionette	INFO	Stopped listening on port 54301615539501867	mozrunner::runner	INFO	Running command: "C:\\Program Files\\Mozilla Firefox\\firefox.exe" "--marionette" "-foreground" "-no-remote" "-profile" "C:\\Users\\E8E5~1\\AppData\\Local\\Temp\\rust_mozprofileTrOt3x"
console.warn: SearchSettings: "get: No settings file exists, new profile?" (new Error("", "(unknown module)"))
1615539504686	Marionette	INFO	Listening on port 54522
1615539505012	Marionette	WARN	TLS certificate errors will be ignored for this session
JavaScript error: resource://gre/actors/AutoCompleteChild.jsm, line 125: Error: Invalid autocomplete selectedIndex
JavaScript error: resource://gre/actors/AutoCompleteChild.jsm, line 125: Error: Invalid autocomplete selectedIndex
console.error: services.settings: 
  Message: TypeError: NetworkError when attempting to fetch resource.
console.warn: services.settings: main/whats-new-panel sync interrupted by shutdown
console.warn: services.settings: main/cfr-fxa sync interrupted by shutdown
console.warn: services.settings: security-state/onecrl sync interrupted by shutdown
console.warn: services.settings: main/search-config sync interrupted by shutdown
console.warn: services.settings: main/search-telemetry sync interrupted by shutdown
console.warn: services.settings: main/pioneer-study-addons-v1 sync interrupted by shutdown
console.warn: services.settings: main/url-classifier-skip-urls sync interrupted by shutdown
console.warn: services.settings: blocklists/gfx sync interrupted by shutdown
console.warn: services.settings: main/hijack-blocklists sync interrupted by shutdown
console.warn: services.settings: blocklists/plugins sync interrupted by shutdown
1615539895640	Marionette	INFO	Stopped listening on port 54522
 Error("", "(unknown module)"))
1615539715093	Marionette	INFO	Listening on port 54984
1615539715205	Marionette	WARN	TLS certificate errors will be ignored for this session
JavaScript error: resource://gre/actors/AutoCompleteChild.jsm, line 125: Error: Invalid autocomplete selectedIndex
JavaScript error: resource://gre/actors/AutoCompleteChild.jsm, line 125: Error: Invalid autocomplete selectedIndex
1615539891999	Marionette	INFO	Stopped listening on port 54984
5539769858	mozrunner::runner	INFO	Running command: "C:\\Program Files\\Mozilla Firefox\\firefox.exe" "--marionette" "-foreground" "-no-remote" "-profile" "C:\\Users\\E8E5~1\\AppData\\Local\\Temp\\rust_mozprofileZJhKtb"
console.warn: SearchSettings: "get: No settings file exists, new profile?" (new Error("", "(unknown module)"))
1615539773034	Marionette	INFO	Listening on port 55248
1615539773494	Marionette	WARN	TLS certificate errors will be ignored for this session
JavaScript error: resource://gre/actors/AutoCompleteChild.jsm, line 125: Error: Invalid autocomplete selectedIndex
1615539887291	Marionette	INFO	Stopped listening on port 55248

###!!! [Child][RunMessage] Error: Channel closing: too late to send/recv, messages will be lost

1615540985804	geckodriver	INFO	Listening on 127.0.0.1:55707
1615540988853	mozrunner::runner	INFO	Running command: "C:\\Program Files\\Mozilla Firefox\\firefox.exe" "--marionette" "-foreground" "-no-remote" "-profile" "C:\\Users\\E8E5~1\\AppData\\Local\\Temp\\rust_mozprofile1Nilcx"
console.warn: SearchSettings: "get: No settings file exists, new profile?" (new Error("", "(unknown module)"))
1615540991427	Marionette	INFO	Listening on port 55715
1615540991475	Marionette	WARN	TLS certificate errors will be ignored for this session
console.error: Region.jsm: "Error fetching region" (new Error("TIMEOUT", "resource://gre/modules/Region.jsm", 775))
console.error: Region.jsm: "Failed to fetch region" (new Error("TIMEOUT", "resource://gre/modules/Region.jsm", 422))
JavaScript error: resource://gre/actors/AutoCompleteChild.jsm, line 125: Error: Invalid autocomplete selectedIndex
1615541084083	Marionette	INFO	Stopped listening on port 55715

###!!! [Child][RunMessage] Error: Channel closing: too late to send/recv, messages will be lost

1615541086359	geckodriver	INFO	Listening on 127.0.0.1:55933
1615541089432	mozrunner::runner	INFO	Running command: "C:\\Program Files\\Mozilla Firefox\\firefox.exe" "--marionette" "-foreground" "-no-remote" "-profile" "C:\\Users\\E8E5~1\\AppData\\Local\\Temp\\rust_mozprofileSU6owL"
console.warn: SearchSettings: "get: No settings file exists, new profile?" (new Error("", "(unknown module)"))
1615541091658	Marionette	INFO	Listening on port 55941
1615541092056	Marionette	WARN	TLS certificate errors will be ignored for this session
JavaScript error: resource://gre/actors/AutoCompleteChild.jsm, line 125: Error: Invalid autocomplete selectedIndex
1615541153622	Marionette	INFO	Stopped listening on port 55941

###!!! [Child][RunMessage] Error: Channel closing: too late to send/recv, messages will be lost

1615541163427	geckodriver	INFO	Listening on 127.0.0.1:56143
1615541166488	mozrunner::runner	INFO	Running command: "C:\\Program Files\\Mozilla Firefox\\firefox.exe" "--marionette" "-foreground" "-no-remote" "-profile" "C:\\Users\\E8E5~1\\AppData\\Local\\Temp\\rust_mozprofilem1qL7B"
console.warn: SearchSettings: "get: No settings file exists, new profile?" (new Error("", "(unknown module)"))
1615541168683	Marionette	INFO	Listening on port 56151
1615541169109	Marionette	WARN	TLS certificate errors will be ignored for this session
console.error: Region.jsm: "Error fetching region" (new Error("TIMEOUT", "resource://gre/modules/Region.jsm", 775))
console.error: Region.jsm: "Failed to fetch region" (new Error("TIMEOUT", "resource://gre/modules/Region.jsm", 422))
JavaScript error: resource://gre/actors/AutoCompleteChild.jsm, line 125: Error: Invalid autocomplete selectedIndex
1615541383061	Marionette	INFO	Stopped listening on port 56151

###!!! [Child][RunMessage] Error: Channel closing: too late to send/recv, messages will be lost

1615541401270	geckodriver	INFO	Listening on 127.0.0.1:56464
1615541404320	mozrunner::runner	INFO	Running command: "C:\\Program Files\\Mozilla Firefox\\firefox.exe" "--marionette" "-foreground" "-no-remote" "-profile" "C:\\Users\\E8E5~1\\AppData\\Local\\Temp\\rust_mozprofile1p7Uzv"
console.warn: SearchSettings: "get: No settings file exists, new profile?" (new Error("", "(unknown module)"))
1615541406487	Marionette	INFO	Listening on port 56472
1615541406942	Marionette	WARN	TLS certificate errors will be ignored for this session
console.error: Region.jsm: "Error fetching region" (new Error("TIMEOUT", "resource://gre/modules/Region.jsm", 775))
console.error: Region.jsm: "Failed to fetch region" (new Error("TIMEOUT", "resource://gre/modules/Region.jsm", 422))
JavaScript error: resource://gre/actors/AutoCompleteChild.jsm, line 125: Error: Invalid autocomplete selectedIndex
console.log: WebExtensions: reset-default-search: No addons in our list are installed.
1615543483744	Marionette	INFO	Stopped listening on port 56472

###!!! [Child][RunMessage] Error: Channel closing: too late to send/recv, messages will be lost

\Temp\\rust_mozprofilepzdoix"
console.warn: SearchSettings: "get: No settings file exists, new profile?" (new Error("", "(unknown module)"))
1615541485413	Marionette	INFO	Listening on port 56725
1615541485770	Marionette	WARN	TLS certificate errors will be ignored for this session
JavaScript error: resource://gre/actors/AutoCompleteChild.jsm, line 125: Error: Invalid autocomplete selectedIndex
console.log: WebExtensions: reset-default-search: No addons in our list are installed.
1615543484918	Marionette	INFO	Stopped listening on port 56725

###!!! [Child][RunMessage] Error: Channel closing: too late to send/recv, messages will be lost

